[2026-07-05 16:07:17] local.ERROR: PHP Parse error: Syntax error, unexpected T_NS_SEPARATOR on line 1 {"exception":"[object] (Psy\\Exception\\ParseErrorException(code: 0): PHP Parse error: Syntax error, unexpected T_NS_SEPARATOR on line 1 at D:/Global Supply/supply-chain-platform/vendor/psy/psysh/src/Exception/ParseErrorException.php:44)
[stacktrace]
#0 D:/Global Supply/supply-chain-platform/vendor/psy/psysh/src/CodeCleaner.php(657): Psy/Exception/ParseErrorException::fromParseError(Object(PhpParser/Error))
#1 D:/Global Supply/supply-chain-platform/vendor/psy/psysh/src/CodeCleaner.php(273): Psy/CodeCleaner->parse('<?php  try { // ...', false)
#2 D:/Global Supply/supply-chain-platform/vendor/psy/psysh/src/Shell.php(1399): Psy/CodeCleaner->clean(Array, false)
#3 D:/Global Supply/supply-chain-platform/vendor/psy/psysh/src/Shell.php(1506): Psy/Shell->appendCode(' try { // = app(...', true, false)
#4 D:/Global Supply/supply-chain-platform/vendor/psy/psysh/src/Shell.php(2215): Psy/Shell->setCode(' try { // = app(...', true)
#5 D:/Global Supply/supply-chain-platform/vendor/laravel/tinker/src/Console/TinkerCommand.php(77): Psy/Shell->execute(' try { // = app(...')
#6 D:/Global Supply/supply-chain-platform/vendor/laravel/framework/src/Illuminate/Container/BoundMethod.php(36): Laravel/Tinker/Console/TinkerCommand->handle()
#7 D:/Global Supply/supply-chain-platform/vendor/laravel/framework/src/Illuminate/Container/Util.php(43): Illuminate/Container/BoundMethod::Illuminate/Container/{closure}()
#8 D:/Global Supply/supply-chain-platform/vendor/laravel/framework/src/Illuminate/Container/BoundMethod.php(95): Illuminate/Container/Util::unwrapIfClosure(Object(Closure))
#9 D:/Global Supply/supply-chain-platform/vendor/laravel/framework/src/Illuminate/Container/BoundMethod.php(35): Illuminate/Container/BoundMethod::callBoundMethod(Object(Illuminate/Foundation/Application), Array, Object(Closure))
#10 D:/Global Supply/supply-chain-platform/vendor/laravel/framework/src/Illuminate/Container/Container.php(696): Illuminate/Container/BoundMethod::call(Object(Illuminate/Foundation/Application), Array, Array, NULL)
#11 D:/Global Supply/supply-chain-platform/vendor/laravel/framework/src/Illuminate/Console/Command.php(213): Illuminate/Container/Container->call(Array)
#12 D:/Global Supply/supply-chain-platform/vendor/symfony/console/Command/Command.php(341): Illuminate/Console/Command->execute(Object(Symfony/Component/Console/Input/ArgvInput), Object(Illuminate/Console/OutputStyle))
#13 D:/Global Supply/supply-chain-platform/vendor/laravel/framework/src/Illuminate/Console/Command.php(182): Symfony/Component/Console/Command/Command->run(Object(Symfony/Component/Console/Input/ArgvInput), Object(Illuminate/Console/OutputStyle))
#14 D:/Global Supply/supply-chain-platform/vendor/symfony/console/Application.php(1117): Illuminate/Console/Command->run(Object(Symfony/Component/Console/Input/ArgvInput), Object(Symfony/Component/Console/Output/ConsoleOutput))
#15 D:/Global Supply/supply-chain-platform/vendor/symfony/console/Application.php(356): Symfony/Component/Console/Application->doRunCommand(Object(Laravel/Tinker/Console/TinkerCommand), Object(Symfony/Component/Console/Input/ArgvInput), Object(Symfony/Component/Console/Output/ConsoleOutput))
#16 D:/Global Supply/supply-chain-platform/vendor/symfony/console/Application.php(195): Symfony/Component/Console/Application->doRun(Object(Symfony/Component/Console/Input/ArgvInput), Object(Symfony/Component/Console/Output/ConsoleOutput))
#17 D:/Global Supply/supply-chain-platform/vendor/laravel/framework/src/Illuminate/Foundation/Console/Kernel.php(198): Symfony/Component/Console/Application->run(Object(Symfony/Component/Console/Input/ArgvInput), Object(Symfony/Component/Console/Output/ConsoleOutput))
#18 D:/Global Supply/supply-chain-platform/vendor/laravel/framework/src/Illuminate/Foundation/Application.php(1235): Illuminate/Foundation/Console/Kernel->handle(Object(Symfony/Component/Console/Input/ArgvInput), Object(Symfony/Component/Console/Output/ConsoleOutput))
#19 D:/Global Supply/supply-chain-platform/artisan(17): Illuminate/Foundation/Application->handleCommand(Object(Symfony/Component/Console/Input/ArgvInput))
#20 {main}
"} 
[2026-07-05 16:09:05] local.ERROR: [worldbank] cURL error 28: Operation timed out after 15004 milliseconds with 0 bytes received (see https://curl.se/libcurl/c/libcurl-errors.html) for https://api.worldbank.org/v2/country/DE/indicator/NY.GDP.MKTP.CD?format=json&date=2025%3A2025&per_page=1  
[2026-07-05 16:09:33] local.ERROR: [worldbank] cURL error 28: Operation timed out after 15008 milliseconds with 0 bytes received (see https://curl.se/libcurl/c/libcurl-errors.html) for https://api.worldbank.org/v2/country/DE/indicator/NE.IMP.GNFS.CD?format=json&date=2025%3A2025&per_page=1  
[2026-07-05 16:17:46] local.ERROR: Maximum execution time of 60 seconds exceeded {"userId":2,"exception":"[object] (Symfony\\Component\\ErrorHandler\\Error\\FatalError(code: 0): Maximum execution time of 60 seconds exceeded at D:/Global Supply/supply-chain-platform/vendor/guzzlehttp/guzzle/src/Handler/CurlFactory.php:1918)
[stacktrace]
#0 {main}
"} 
[2026-07-05 16:18:20] local.ERROR: [worldbank] cURL error 28: Operation timed out after 15088 milliseconds with 0 bytes received (see https://curl.se/libcurl/c/libcurl-errors.html) for https://api.worldbank.org/v2/country/JP/indicator/FP.CPI.TOTL.ZG?format=json&date=2025%3A2025&per_page=1  
[2026-07-05 16:22:14] local.ERROR: [worldbank] cURL error 28: Operation timed out after 15003 milliseconds with 0 bytes received (see https://curl.se/libcurl/c/libcurl-errors.html) for https://api.worldbank.org/v2/country/BR/indicator/SP.POP.TOTL?format=json&date=2025%3A2025&per_page=1  
[2026-07-05 16:41:25] local.ERROR: [worldbank] cURL error 28: Operation timed out after 15010 milliseconds with 0 bytes received (see https://curl.se/libcurl/c/libcurl-errors.html) for https://api.worldbank.org/v2/country/FR/indicator/NY.GDP.PCAP.CD?format=json&date=2025%3A2025&per_page=1  
[2026-07-05 16:41:40] local.ERROR: [worldbank] cURL error 28: Operation timed out after 15003 milliseconds with 0 bytes received (see https://curl.se/libcurl/c/libcurl-errors.html) for https://api.worldbank.org/v2/country/FR/indicator/FP.CPI.TOTL.ZG?format=json&date=2025%3A2025&per_page=1  
[2026-07-05 16:42:06] local.ERROR: Maximum execution time of 60 seconds exceeded {"userId":2,"exception":"[object] (Symfony\\Component\\ErrorHandler\\Error\\FatalError(code: 0): Maximum execution time of 60 seconds exceeded at D:/Global Supply/supply-chain-platform/vendor/guzzlehttp/guzzle/src/Handler/CurlFactory.php:1918)
[stacktrace]
#0 {main}
"} 
[2026-07-05 16:42:35] local.ERROR: [worldbank] cURL error 28: Operation timed out after 15004 milliseconds with 0 bytes received (see https://curl.se/libcurl/c/libcurl-errors.html) for https://api.worldbank.org/v2/country/FR/indicator/NE.EXP.GNFS.CD?format=json&date=2025%3A2025&per_page=1  
[2026-07-08 00:00:19] local.ERROR: [openmeteo] cURL error 28: SSL connection timeout (see https://curl.se/libcurl/c/libcurl-errors.html) for https://api.open-meteo.com/v1/forecast?latitude=-0.7893&longitude=113.9213&current=temperature_2m%2Capparent_temperature%2Cprecipitation%2Cwindspeed_10m%2Cwindgusts_10m%2Cweathercode%2Ccloudcover%2Crelativehumidity_2m&timezone=auto&forecast_days=1  
[2026-07-08 00:01:06] local.ERROR: [worldbank] cURL error 28: Operation timed out after 15007 milliseconds with 0 bytes received (see https://curl.se/libcurl/c/libcurl-errors.html) for https://api.worldbank.org/v2/country/CN/indicator/NY.GDP.PCAP.CD?format=json&date=2025%3A2025&per_page=1  
[2026-07-08 00:01:12] local.ERROR: Maximum execution time of 60 seconds exceeded {"userId":3,"exception":"[object] (Symfony\\Component\\ErrorHandler\\Error\\FatalError(code: 0): Maximum execution time of 60 seconds exceeded at D:/Global Supply/supply-chain-platform/vendor/guzzlehttp/guzzle/src/Handler/CurlFactory.php:1918)
[stacktrace]
#0 {main}
"} 
[2026-07-08 00:01:35] local.ERROR: [worldbank] cURL error 28: Operation timed out after 15012 milliseconds with 0 bytes received (see https://curl.se/libcurl/c/libcurl-errors.html) for https://api.worldbank.org/v2/country/CN/indicator/NY.GDP.PCAP.CD?format=json&date=2025%3A2025&per_page=1  
[2026-07-08 00:02:07] local.ERROR: [worldbank] cURL error 28: Operation timed out after 15012 milliseconds with 0 bytes received (see https://curl.se/libcurl/c/libcurl-errors.html) for https://api.worldbank.org/v2/country/DE/indicator/NY.GDP.MKTP.CD?format=json&date=2025%3A2025&per_page=1  
[2026-07-08 00:02:07] local.ERROR: [worldbank] cURL error 6: Could not resolve host: api.worldbank.org (see https://curl.se/libcurl/c/libcurl-errors.html) for https://api.worldbank.org/v2/country/DE/indicator/NY.GDP.PCAP.CD?format=json&date=2025%3A2025&per_page=1  
[2026-07-08 00:02:07] local.ERROR: [worldbank] cURL error 6: Could not resolve host: api.worldbank.org (see https://curl.se/libcurl/c/libcurl-errors.html) for https://api.worldbank.org/v2/country/DE/indicator/FP.CPI.TOTL.ZG?format=json&date=2025%3A2025&per_page=1  
[2026-07-08 00:02:07] local.ERROR: [worldbank] cURL error 6: Could not resolve host: api.worldbank.org (see https://curl.se/libcurl/c/libcurl-errors.html) for https://api.worldbank.org/v2/country/DE/indicator/SL.UEM.TOTL.ZS?format=json&date=2025%3A2025&per_page=1  
[2026-07-08 00:02:07] local.ERROR: [worldbank] cURL error 6: Could not resolve host: api.worldbank.org (see https://curl.se/libcurl/c/libcurl-errors.html) for https://api.worldbank.org/v2/country/DE/indicator/SP.POP.TOTL?format=json&date=2025%3A2025&per_page=1  
[2026-07-08 00:02:07] local.ERROR: [worldbank] cURL error 6: Could not resolve host: api.worldbank.org (see https://curl.se/libcurl/c/libcurl-errors.html) for https://api.worldbank.org/v2/country/DE/indicator/NE.EXP.GNFS.CD?format=json&date=2025%3A2025&per_page=1  
[2026-07-08 00:02:07] local.ERROR: [worldbank] cURL error 6: Could not resolve host: api.worldbank.org (see https://curl.se/libcurl/c/libcurl-errors.html) for https://api.worldbank.org/v2/country/DE/indicator/NE.IMP.GNFS.CD?format=json&date=2025%3A2025&per_page=1  
[2026-07-08 00:02:07] local.ERROR: [openmeteo] cURL error 6: Could not resolve host: api.open-meteo.com (see https://curl.se/libcurl/c/libcurl-errors.html) for https://api.open-meteo.com/v1/forecast?latitude=-25&longitude=133&current=temperature_2m%2Capparent_temperature%2Cprecipitation%2Cwindspeed_10m%2Cwindgusts_10m%2Cweathercode%2Ccloudcover%2Crelativehumidity_2m&timezone=auto&forecast_days=1  
[2026-07-08 00:02:07] local.ERROR: [worldbank] cURL error 6: Could not resolve host: api.worldbank.org (see https://curl.se/libcurl/c/libcurl-errors.html) for https://api.worldbank.org/v2/country/AU/indicator/NY.GDP.MKTP.CD?format=json&date=2025%3A2025&per_page=1  
[2026-07-08 00:02:07] local.ERROR: [worldbank] cURL error 6: Could not resolve host: api.worldbank.org (see https://curl.se/libcurl/c/libcurl-errors.html) for https://api.worldbank.org/v2/country/AU/indicator/NY.GDP.PCAP.CD?format=json&date=2025%3A2025&per_page=1  
[2026-07-08 00:02:07] local.ERROR: [worldbank] cURL error 6: Could not resolve host: api.worldbank.org (see https://curl.se/libcurl/c/libcurl-errors.html) for https://api.worldbank.org/v2/country/AU/indicator/FP.CPI.TOTL.ZG?format=json&date=2025%3A2025&per_page=1  
[2026-07-08 00:02:07] local.ERROR: [worldbank] cURL error 6: Could not resolve host: api.worldbank.org (see https://curl.se/libcurl/c/libcurl-errors.html) for https://api.worldbank.org/v2/country/AU/indicator/SL.UEM.TOTL.ZS?format=json&date=2025%3A2025&per_page=1  
[2026-07-08 00:02:07] local.ERROR: [worldbank] cURL error 6: Could not resolve host: api.worldbank.org (see https://curl.se/libcurl/c/libcurl-errors.html) for https://api.worldbank.org/v2/country/AU/indicator/SP.POP.TOTL?format=json&date=2025%3A2025&per_page=1  
[2026-07-08 00:02:07] local.ERROR: [worldbank] cURL error 6: Could not resolve host: api.worldbank.org (see https://curl.se/libcurl/c/libcurl-errors.html) for https://api.worldbank.org/v2/country/AU/indicator/NE.EXP.GNFS.CD?format=json&date=2025%3A2025&per_page=1  
[2026-07-08 00:02:07] local.ERROR: [worldbank] cURL error 6: Could not resolve host: api.worldbank.org (see https://curl.se/libcurl/c/libcurl-errors.html) for https://api.worldbank.org/v2/country/AU/indicator/NE.IMP.GNFS.CD?format=json&date=2025%3A2025&per_page=1  
[2026-07-08 00:02:07] local.ERROR: [openmeteo] cURL error 6: Could not resolve host: api.open-meteo.com (see https://curl.se/libcurl/c/libcurl-errors.html) for https://api.open-meteo.com/v1/forecast?latitude=38&longitude=-97&current=temperature_2m%2Capparent_temperature%2Cprecipitation%2Cwindspeed_10m%2Cwindgusts_10m%2Cweathercode%2Ccloudcover%2Crelativehumidity_2m&timezone=auto&forecast_days=1  
[2026-07-08 00:02:07] local.ERROR: [worldbank] cURL error 6: Could not resolve host: api.worldbank.org (see https://curl.se/libcurl/c/libcurl-errors.html) for https://api.worldbank.org/v2/country/US/indicator/NY.GDP.MKTP.CD?format=json&date=2025%3A2025&per_page=1  
[2026-07-08 00:02:07] local.ERROR: [worldbank] cURL error 6: Could not resolve host: api.worldbank.org (see https://curl.se/libcurl/c/libcurl-errors.html) for https://api.worldbank.org/v2/country/US/indicator/NY.GDP.PCAP.CD?format=json&date=2025%3A2025&per_page=1  
[2026-07-08 00:02:07] local.ERROR: [worldbank] cURL error 6: Could not resolve host: api.worldbank.org (see https://curl.se/libcurl/c/libcurl-errors.html) for https://api.worldbank.org/v2/country/US/indicator/FP.CPI.TOTL.ZG?format=json&date=2025%3A2025&per_page=1  
[2026-07-08 00:02:08] local.ERROR: [worldbank] cURL error 6: Could not resolve host: api.worldbank.org (see https://curl.se/libcurl/c/libcurl-errors.html) for https://api.worldbank.org/v2/country/US/indicator/SL.UEM.TOTL.ZS?format=json&date=2025%3A2025&per_page=1  
[2026-07-08 00:02:08] local.ERROR: [worldbank] cURL error 6: Could not resolve host: api.worldbank.org (see https://curl.se/libcurl/c/libcurl-errors.html) for https://api.worldbank.org/v2/country/US/indicator/SP.POP.TOTL?format=json&date=2025%3A2025&per_page=1  
[2026-07-08 00:02:08] local.ERROR: [worldbank] cURL error 6: Could not resolve host: api.worldbank.org (see https://curl.se/libcurl/c/libcurl-errors.html) for https://api.worldbank.org/v2/country/US/indicator/NE.EXP.GNFS.CD?format=json&date=2025%3A2025&per_page=1  
[2026-07-08 00:02:08] local.ERROR: [worldbank] cURL error 6: Could not resolve host: api.worldbank.org (see https://curl.se/libcurl/c/libcurl-errors.html) for https://api.worldbank.org/v2/country/US/indicator/NE.IMP.GNFS.CD?format=json&date=2025%3A2025&per_page=1  
[2026-07-08 00:02:08] local.ERROR: [openmeteo] cURL error 6: Could not resolve host: api.open-meteo.com (see https://curl.se/libcurl/c/libcurl-errors.html) for https://api.open-meteo.com/v1/forecast?latitude=36.2048&longitude=138.2529&current=temperature_2m%2Capparent_temperature%2Cprecipitation%2Cwindspeed_10m%2Cwindgusts_10m%2Cweathercode%2Ccloudcover%2Crelativehumidity_2m&timezone=auto&forecast_days=1  
[2026-07-08 00:02:08] local.ERROR: [worldbank] cURL error 6: Could not resolve host: api.worldbank.org (see https://curl.se/libcurl/c/libcurl-errors.html) for https://api.worldbank.org/v2/country/JP/indicator/NY.GDP.MKTP.CD?format=json&date=2025%3A2025&per_page=1  
[2026-07-08 00:02:08] local.ERROR: [worldbank] cURL error 6: Could not resolve host: api.worldbank.org (see https://curl.se/libcurl/c/libcurl-errors.html) for https://api.worldbank.org/v2/country/JP/indicator/NY.GDP.PCAP.CD?format=json&date=2025%3A2025&per_page=1  
[2026-07-08 00:02:08] local.ERROR: [worldbank] cURL error 6: Could not resolve host: api.worldbank.org (see https://curl.se/libcurl/c/libcurl-errors.html) for https://api.worldbank.org/v2/country/JP/indicator/FP.CPI.TOTL.ZG?format=json&date=2025%3A2025&per_page=1  
[2026-07-08 00:02:08] local.ERROR: [worldbank] cURL error 6: Could not resolve host: api.worldbank.org (see https://curl.se/libcurl/c/libcurl-errors.html) for https://api.worldbank.org/v2/country/JP/indicator/SL.UEM.TOTL.ZS?format=json&date=2025%3A2025&per_page=1  
[2026-07-08 00:02:08] local.ERROR: [worldbank] cURL error 6: Could not resolve host: api.worldbank.org (see https://curl.se/libcurl/c/libcurl-errors.html) for https://api.worldbank.org/v2/country/JP/indicator/SP.POP.TOTL?format=json&date=2025%3A2025&per_page=1  
[2026-07-08 00:02:08] local.ERROR: [worldbank] cURL error 6: Could not resolve host: api.worldbank.org (see https://curl.se/libcurl/c/libcurl-errors.html) for https://api.worldbank.org/v2/country/JP/indicator/NE.EXP.GNFS.CD?format=json&date=2025%3A2025&per_page=1  
[2026-07-08 00:02:08] local.ERROR: [worldbank] cURL error 6: Could not resolve host: api.worldbank.org (see https://curl.se/libcurl/c/libcurl-errors.html) for https://api.worldbank.org/v2/country/JP/indicator/NE.IMP.GNFS.CD?format=json&date=2025%3A2025&per_page=1  
[2026-07-08 00:05:12] local.ERROR: [worldbank] cURL error 6: Could not resolve host: api.worldbank.org (see https://curl.se/libcurl/c/libcurl-errors.html) for https://api.worldbank.org/v2/country/FR/indicator/NY.GDP.MKTP.CD?format=json&date=2025%3A2025&per_page=1  
[2026-07-08 00:05:12] local.ERROR: [worldbank] cURL error 6: Could not resolve host: api.worldbank.org (see https://curl.se/libcurl/c/libcurl-errors.html) for https://api.worldbank.org/v2/country/FR/indicator/NY.GDP.PCAP.CD?format=json&date=2025%3A2025&per_page=1  
[2026-07-08 00:05:12] local.ERROR: [worldbank] cURL error 6: Could not resolve host: api.worldbank.org (see https://curl.se/libcurl/c/libcurl-errors.html) for https://api.worldbank.org/v2/country/FR/indicator/FP.CPI.TOTL.ZG?format=json&date=2025%3A2025&per_page=1  
[2026-07-08 00:05:12] local.ERROR: [worldbank] cURL error 6: Could not resolve host: api.worldbank.org (see https://curl.se/libcurl/c/libcurl-errors.html) for https://api.worldbank.org/v2/country/FR/indicator/SL.UEM.TOTL.ZS?format=json&date=2025%3A2025&per_page=1  
[2026-07-08 00:05:12] local.ERROR: [worldbank] cURL error 6: Could not resolve host: api.worldbank.org (see https://curl.se/libcurl/c/libcurl-errors.html) for https://api.worldbank.org/v2/country/FR/indicator/SP.POP.TOTL?format=json&date=2025%3A2025&per_page=1  
[2026-07-08 00:05:12] local.ERROR: [worldbank] cURL error 6: Could not resolve host: api.worldbank.org (see https://curl.se/libcurl/c/libcurl-errors.html) for https://api.worldbank.org/v2/country/FR/indicator/NE.EXP.GNFS.CD?format=json&date=2025%3A2025&per_page=1  
[2026-07-08 00:05:12] local.ERROR: [worldbank] cURL error 6: Could not resolve host: api.worldbank.org (see https://curl.se/libcurl/c/libcurl-errors.html) for https://api.worldbank.org/v2/country/FR/indicator/NE.IMP.GNFS.CD?format=json&date=2025%3A2025&per_page=1  
[2026-07-08 00:05:12] local.ERROR: [openmeteo] cURL error 6: Could not resolve host: api.open-meteo.com (see https://curl.se/libcurl/c/libcurl-errors.html) for https://api.open-meteo.com/v1/forecast?latitude=46.2276&longitude=2.2137&current=temperature_2m%2Capparent_temperature%2Cprecipitation%2Cwindspeed_10m%2Cwindgusts_10m%2Cweathercode%2Ccloudcover%2Crelativehumidity_2m&timezone=auto&forecast_days=1  
[2026-07-08 00:05:12] local.ERROR: [openmeteo] cURL error 6: Could not resolve host: api.open-meteo.com (see https://curl.se/libcurl/c/libcurl-errors.html) for https://api.open-meteo.com/v1/forecast?latitude=46.2276&longitude=2.2137&current=temperature_2m%2Capparent_temperature%2Cprecipitation%2Cwindspeed_10m%2Cwindgusts_10m%2Cweathercode%2Ccloudcover%2Crelativehumidity_2m&timezone=auto&forecast_days=1  
[2026-07-08 00:05:12] local.ERROR: [worldbank] cURL error 6: Could not resolve host: api.worldbank.org (see https://curl.se/libcurl/c/libcurl-errors.html) for https://api.worldbank.org/v2/country/FR/indicator/NY.GDP.MKTP.CD?format=json&date=2021%3A2025&per_page=5  
[2026-07-08 00:05:12] local.ERROR: [worldbank] cURL error 6: Could not resolve host: api.worldbank.org (see https://curl.se/libcurl/c/libcurl-errors.html) for https://api.worldbank.org/v2/country/FR/indicator/FP.CPI.TOTL.ZG?format=json&date=2021%3A2025&per_page=5  
[2026-07-08 00:05:12] local.ERROR: [openmeteo] cURL error 6: Could not resolve host: api.open-meteo.com (see https://curl.se/libcurl/c/libcurl-errors.html) for https://api.open-meteo.com/v1/forecast?latitude=46.2276&longitude=2.2137&current=temperature_2m%2Capparent_temperature%2Cprecipitation%2Cwindspeed_10m%2Cwindgusts_10m%2Cweathercode%2Ccloudcover%2Crelativehumidity_2m&timezone=auto&forecast_days=1  
[2026-07-08 00:05:56] local.ERROR: [worldbank] cURL error 6: Could not resolve host: api.worldbank.org (see https://curl.se/libcurl/c/libcurl-errors.html) for https://api.worldbank.org/v2/country/AU/indicator/NY.GDP.MKTP.CD?format=json&date=2021%3A2025&per_page=5  
[2026-07-08 00:05:56] local.ERROR: [worldbank] cURL error 6: Could not resolve host: api.worldbank.org (see https://curl.se/libcurl/c/libcurl-errors.html) for https://api.worldbank.org/v2/country/AU/indicator/FP.CPI.TOTL.ZG?format=json&date=2021%3A2025&per_page=5  
[2026-07-08 00:06:49] local.ERROR: [openmeteo] cURL error 6: Could not resolve host: api.open-meteo.com (see https://curl.se/libcurl/c/libcurl-errors.html) for https://api.open-meteo.com/v1/forecast?latitude=-25&longitude=133&current=temperature_2m%2Capparent_temperature%2Cprecipitation%2Cwindspeed_10m%2Cwindgusts_10m%2Cweathercode%2Ccloudcover%2Crelativehumidity_2m&timezone=auto&forecast_days=1  
[2026-07-08 00:08:23] local.ERROR: [worldbank] cURL error 6: Could not resolve host: api.worldbank.org (see https://curl.se/libcurl/c/libcurl-errors.html) for https://api.worldbank.org/v2/country/EG/indicator/NY.GDP.MKTP.CD?format=json&date=2025%3A2025&per_page=1  
[2026-07-08 00:08:23] local.ERROR: [worldbank] cURL error 6: Could not resolve host: api.worldbank.org (see https://curl.se/libcurl/c/libcurl-errors.html) for https://api.worldbank.org/v2/country/EG/indicator/NY.GDP.PCAP.CD?format=json&date=2025%3A2025&per_page=1  
[2026-07-08 00:08:23] local.ERROR: [worldbank] cURL error 6: Could not resolve host: api.worldbank.org (see https://curl.se/libcurl/c/libcurl-errors.html) for https://api.worldbank.org/v2/country/EG/indicator/FP.CPI.TOTL.ZG?format=json&date=2025%3A2025&per_page=1  
[2026-07-08 00:08:23] local.ERROR: [worldbank] cURL error 6: Could not resolve host: api.worldbank.org (see https://curl.se/libcurl/c/libcurl-errors.html) for https://api.worldbank.org/v2/country/EG/indicator/SL.UEM.TOTL.ZS?format=json&date=2025%3A2025&per_page=1  
[2026-07-08 00:08:23] local.ERROR: [worldbank] cURL error 6: Could not resolve host: api.worldbank.org (see https://curl.se/libcurl/c/libcurl-errors.html) for https://api.worldbank.org/v2/country/EG/indicator/SP.POP.TOTL?format=json&date=2025%3A2025&per_page=1  
[2026-07-08 00:08:23] local.ERROR: [worldbank] cURL error 6: Could not resolve host: api.worldbank.org (see https://curl.se/libcurl/c/libcurl-errors.html) for https://api.worldbank.org/v2/country/EG/indicator/NE.EXP.GNFS.CD?format=json&date=2025%3A2025&per_page=1  
[2026-07-08 00:08:23] local.ERROR: [worldbank] cURL error 6: Could not resolve host: api.worldbank.org (see https://curl.se/libcurl/c/libcurl-errors.html) for https://api.worldbank.org/v2/country/EG/indicator/NE.IMP.GNFS.CD?format=json&date=2025%3A2025&per_page=1  
[2026-07-08 00:08:23] local.ERROR: [openmeteo] cURL error 6: Could not resolve host: api.open-meteo.com (see https://curl.se/libcurl/c/libcurl-errors.html) for https://api.open-meteo.com/v1/forecast?latitude=26.8206&longitude=30.8025&current=temperature_2m%2Capparent_temperature%2Cprecipitation%2Cwindspeed_10m%2Cwindgusts_10m%2Cweathercode%2Ccloudcover%2Crelativehumidity_2m&timezone=auto&forecast_days=1  
[2026-07-08 00:08:23] local.ERROR: [openmeteo] cURL error 6: Could not resolve host: api.open-meteo.com (see https://curl.se/libcurl/c/libcurl-errors.html) for https://api.open-meteo.com/v1/forecast?latitude=26.8206&longitude=30.8025&current=temperature_2m%2Capparent_temperature%2Cprecipitation%2Cwindspeed_10m%2Cwindgusts_10m%2Cweathercode%2Ccloudcover%2Crelativehumidity_2m&timezone=auto&forecast_days=1  
[2026-07-08 00:08:23] local.ERROR: [worldbank] cURL error 6: Could not resolve host: api.worldbank.org (see https://curl.se/libcurl/c/libcurl-errors.html) for https://api.worldbank.org/v2/country/EG/indicator/NY.GDP.MKTP.CD?format=json&date=2021%3A2025&per_page=5  
[2026-07-08 00:08:23] local.ERROR: [worldbank] cURL error 6: Could not resolve host: api.worldbank.org (see https://curl.se/libcurl/c/libcurl-errors.html) for https://api.worldbank.org/v2/country/EG/indicator/FP.CPI.TOTL.ZG?format=json&date=2021%3A2025&per_page=5  
[2026-07-08 00:08:24] local.ERROR: [openmeteo] cURL error 6: Could not resolve host: api.open-meteo.com (see https://curl.se/libcurl/c/libcurl-errors.html) for https://api.open-meteo.com/v1/forecast?latitude=26.8206&longitude=30.8025&current=temperature_2m%2Capparent_temperature%2Cprecipitation%2Cwindspeed_10m%2Cwindgusts_10m%2Cweathercode%2Ccloudcover%2Crelativehumidity_2m&timezone=auto&forecast_days=1  
[2026-07-08 00:08:27] local.ERROR: [openmeteo] cURL error 6: Could not resolve host: api.open-meteo.com (see https://curl.se/libcurl/c/libcurl-errors.html) for https://api.open-meteo.com/v1/forecast?latitude=26.8206&longitude=30.8025&current=temperature_2m%2Capparent_temperature%2Cprecipitation%2Cwindspeed_10m%2Cwindgusts_10m%2Cweathercode%2Ccloudcover%2Crelativehumidity_2m&timezone=auto&forecast_days=1  
[2026-07-08 00:08:27] local.ERROR: [openmeteo] cURL error 6: Could not resolve host: api.open-meteo.com (see https://curl.se/libcurl/c/libcurl-errors.html) for https://api.open-meteo.com/v1/forecast?latitude=26.8206&longitude=30.8025&daily=weathercode%2Ctemperature_2m_max%2Ctemperature_2m_min%2Cprecipitation_sum%2Cwindspeed_10m_max&timezone=auto&forecast_days=7  
[2026-07-08 00:08:40] local.ERROR: [worldbank] cURL error 6: Could not resolve host: api.worldbank.org (see https://curl.se/libcurl/c/libcurl-errors.html) for https://api.worldbank.org/v2/country/DE/indicator/NY.GDP.MKTP.CD?format=json&date=2021%3A2025&per_page=5  
[2026-07-08 00:08:40] local.ERROR: [worldbank] cURL error 6: Could not resolve host: api.worldbank.org (see https://curl.se/libcurl/c/libcurl-errors.html) for https://api.worldbank.org/v2/country/DE/indicator/FP.CPI.TOTL.ZG?format=json&date=2021%3A2025&per_page=5  
[2026-07-12 22:17:16] local.ERROR: [openmeteo] cURL error 6: Could not resolve host: api.open-meteo.com (see https://curl.se/libcurl/c/libcurl-errors.html) for https://api.open-meteo.com/v1/forecast?latitude=-0.7893&longitude=113.9213&current=temperature_2m%2Capparent_temperature%2Cprecipitation%2Cwindspeed_10m%2Cwindgusts_10m%2Cweathercode%2Ccloudcover%2Crelativehumidity_2m&timezone=auto&forecast_days=1  
[2026-07-12 22:17:26] local.ERROR: [worldbank] cURL error 28: Resolving timed out after 10016 milliseconds (see https://curl.se/libcurl/c/libcurl-errors.html) for https://api.worldbank.org/v2/country/ID/indicator/NY.GDP.MKTP.CD?format=json&date=2025%3A2025&per_page=1  
[2026-07-12 22:17:37] local.ERROR: [worldbank] cURL error 28: Resolving timed out after 10005 milliseconds (see https://curl.se/libcurl/c/libcurl-errors.html) for https://api.worldbank.org/v2/country/ID/indicator/NY.GDP.PCAP.CD?format=json&date=2025%3A2025&per_page=1  
[2026-07-12 22:17:46] local.ERROR: [worldbank] cURL error 6: Could not resolve host: api.worldbank.org (see https://curl.se/libcurl/c/libcurl-errors.html) for https://api.worldbank.org/v2/country/ID/indicator/FP.CPI.TOTL.ZG?format=json&date=2025%3A2025&per_page=1  
[2026-07-12 22:17:56] local.ERROR: [worldbank] cURL error 28: Resolving timed out after 10012 milliseconds (see https://curl.se/libcurl/c/libcurl-errors.html) for https://api.worldbank.org/v2/country/ID/indicator/SL.UEM.TOTL.ZS?format=json&date=2025%3A2025&per_page=1  
[2026-07-12 22:18:07] local.ERROR: Maximum execution time of 60 seconds exceeded {"userId":1,"exception":"[object] (Symfony\\Component\\ErrorHandler\\Error\\FatalError(code: 0): Maximum execution time of 60 seconds exceeded at D:/Global Supply/supply-chain-platform/vendor/guzzlehttp/guzzle/src/Handler/CurlHandler.php:68)
[stacktrace]
#0 {main}
"} 
[2026-07-12 22:20:21] local.ERROR: Maximum execution time of 60 seconds exceeded {"userId":1,"exception":"[object] (Symfony\\Component\\ErrorHandler\\Error\\FatalError(code: 0): Maximum execution time of 60 seconds exceeded at D:/Global Supply/supply-chain-platform/vendor/guzzlehttp/guzzle/src/Handler/CurlFactory.php:1918)
[stacktrace]
#0 {main}
"} 
[2026-07-12 23:55:23] local.ERROR: [worldbank] cURL error 28: Operation timed out after 15015 milliseconds with 0 bytes received (see https://curl.se/libcurl/c/libcurl-errors.html) for https://api.worldbank.org/v2/country/CA/indicator/FP.CPI.TOTL.ZG?format=json&date=2025%3A2025&per_page=1  
[2026-07-12 23:55:47] local.ERROR: [worldbank] cURL error 28: Operation timed out after 15005 milliseconds with 0 bytes received (see https://curl.se/libcurl/c/libcurl-errors.html) for https://api.worldbank.org/v2/country/CA/indicator/FP.CPI.TOTL.ZG?format=json&date=2021%3A2025&per_page=5  
[2026-07-14 21:14:37] local.ERROR: Maximum execution time of 60 seconds exceeded {"userId":1,"exception":"[object] (Symfony\\Component\\ErrorHandler\\Error\\FatalError(code: 0): Maximum execution time of 60 seconds exceeded at D:/Global Supply/supply-chain-platform/vendor/guzzlehttp/guzzle/src/Handler/CurlFactory.php:1918)
[stacktrace]
#0 {main}
"} 
[2026-07-14 21:15:03] local.ERROR: [worldbank] cURL error 56: Recv failure: Connection was reset (see https://curl.se/libcurl/c/libcurl-errors.html) for https://api.worldbank.org/v2/country/DE/indicator/FP.CPI.TOTL.ZG?format=json&date=2025%3A2025&per_page=1  
[2026-07-14 21:15:18] local.ERROR: [worldbank] cURL error 28: Operation timed out after 15004 milliseconds with 0 bytes received (see https://curl.se/libcurl/c/libcurl-errors.html) for https://api.worldbank.org/v2/country/DE/indicator/SL.UEM.TOTL.ZS?format=json&date=2025%3A2025&per_page=1  
[2026-07-14 21:15:56] local.ERROR: Maximum execution time of 60 seconds exceeded {"userId":1,"exception":"[object] (Symfony\\Component\\ErrorHandler\\Error\\FatalError(code: 0): Maximum execution time of 60 seconds exceeded at D:/Global Supply/supply-chain-platform/vendor/guzzlehttp/guzzle/src/Handler/CurlHandler.php:68)
[stacktrace]
#0 {main}
"} 
[2026-07-14 21:20:27] local.ERROR: [worldbank] cURL error 28: Operation timed out after 15013 milliseconds with 0 bytes received (see https://curl.se/libcurl/c/libcurl-errors.html) for https://api.worldbank.org/v2/country/US/indicator/SL.UEM.TOTL.ZS?format=json&date=2025%3A2025&per_page=1  
[2026-07-14 21:20:53] local.ERROR: [worldbank] cURL error 28: Operation timed out after 15013 milliseconds with 0 bytes received (see https://curl.se/libcurl/c/libcurl-errors.html) for https://api.worldbank.org/v2/country/US/indicator/NE.IMP.GNFS.CD?format=json&date=2025%3A2025&per_page=1  
[2026-07-14 21:21:07] local.ERROR: Maximum execution time of 60 seconds exceeded {"userId":1,"exception":"[object] (Symfony\\Component\\ErrorHandler\\Error\\FatalError(code: 0): Maximum execution time of 60 seconds exceeded at D:/Global Supply/supply-chain-platform/vendor/guzzlehttp/guzzle/src/Handler/CurlFactory.php:1918)
[stacktrace]
#0 {main}
"} 
[2026-07-14 21:36:20] local.ERROR: PHP Parse error: Syntax error, unexpected T_NS_SEPARATOR on line 1 {"exception":"[object] (Psy\\Exception\\ParseErrorException(code: 0): PHP Parse error: Syntax error, unexpected T_NS_SEPARATOR on line 1 at D:/Global Supply/supply-chain-platform/vendor/psy/psysh/src/Exception/ParseErrorException.php:44)
[stacktrace]
#0 D:/Global Supply/supply-chain-platform/vendor/psy/psysh/src/CodeCleaner.php(657): Psy/Exception/ParseErrorException::fromParseError(Object(PhpParser/Error))
#1 D:/Global Supply/supply-chain-platform/vendor/psy/psysh/src/CodeCleaner.php(273): Psy/CodeCleaner->parse('<?php  // = ['lo...', false)
#2 D:/Global Supply/supply-chain-platform/vendor/psy/psysh/src/Shell.php(1399): Psy/CodeCleaner->clean(Array, false)
#3 D:/Global Supply/supply-chain-platform/vendor/psy/psysh/src/Shell.php(1506): Psy/Shell->appendCode(' // = ['logistic...', true, false)
#4 D:/Global Supply/supply-chain-platform/vendor/psy/psysh/src/Shell.php(2215): Psy/Shell->setCode(' // = ['logistic...', true)
#5 D:/Global Supply/supply-chain-platform/vendor/laravel/tinker/src/Console/TinkerCommand.php(77): Psy/Shell->execute(' // = ['logistic...')
#6 D:/Global Supply/supply-chain-platform/vendor/laravel/framework/src/Illuminate/Container/BoundMethod.php(36): Laravel/Tinker/Console/TinkerCommand->handle()
#7 D:/Global Supply/supply-chain-platform/vendor/laravel/framework/src/Illuminate/Container/Util.php(43): Illuminate/Container/BoundMethod::Illuminate/Container/{closure}()
#8 D:/Global Supply/supply-chain-platform/vendor/laravel/framework/src/Illuminate/Container/BoundMethod.php(95): Illuminate/Container/Util::unwrapIfClosure(Object(Closure))
#9 D:/Global Supply/supply-chain-platform/vendor/laravel/framework/src/Illuminate/Container/BoundMethod.php(35): Illuminate/Container/BoundMethod::callBoundMethod(Object(Illuminate/Foundation/Application), Array, Object(Closure))
#10 D:/Global Supply/supply-chain-platform/vendor/laravel/framework/src/Illuminate/Container/Container.php(696): Illuminate/Container/BoundMethod::call(Object(Illuminate/Foundation/Application), Array, Array, NULL)
#11 D:/Global Supply/supply-chain-platform/vendor/laravel/framework/src/Illuminate/Console/Command.php(213): Illuminate/Container/Container->call(Array)
#12 D:/Global Supply/supply-chain-platform/vendor/symfony/console/Command/Command.php(341): Illuminate/Console/Command->execute(Object(Symfony/Component/Console/Input/ArgvInput), Object(Illuminate/Console/OutputStyle))
#13 D:/Global Supply/supply-chain-platform/vendor/laravel/framework/src/Illuminate/Console/Command.php(182): Symfony/Component/Console/Command/Command->run(Object(Symfony/Component/Console/Input/ArgvInput), Object(Illuminate/Console/OutputStyle))
#14 D:/Global Supply/supply-chain-platform/vendor/symfony/console/Application.php(1117): Illuminate/Console/Command->run(Object(Symfony/Component/Console/Input/ArgvInput), Object(Symfony/Component/Console/Output/ConsoleOutput))
#15 D:/Global Supply/supply-chain-platform/vendor/symfony/console/Application.php(356): Symfony/Component/Console/Application->doRunCommand(Object(Laravel/Tinker/Console/TinkerCommand), Object(Symfony/Component/Console/Input/ArgvInput), Object(Symfony/Component/Console/Output/ConsoleOutput))
#16 D:/Global Supply/supply-chain-platform/vendor/symfony/console/Application.php(195): Symfony/Component/Console/Application->doRun(Object(Symfony/Component/Console/Input/ArgvInput), Object(Symfony/Component/Console/Output/ConsoleOutput))
#17 D:/Global Supply/supply-chain-platform/vendor/laravel/framework/src/Illuminate/Foundation/Console/Kernel.php(198): Symfony/Component/Console/Application->run(Object(Symfony/Component/Console/Input/ArgvInput), Object(Symfony/Component/Console/Output/ConsoleOutput))
#18 D:/Global Supply/supply-chain-platform/vendor/laravel/framework/src/Illuminate/Foundation/Application.php(1235): Illuminate/Foundation/Console/Kernel->handle(Object(Symfony/Component/Console/Input/ArgvInput), Object(Symfony/Component/Console/Output/ConsoleOutput))
#19 D:/Global Supply/supply-chain-platform/artisan(17): Illuminate/Foundation/Application->handleCommand(Object(Symfony/Component/Console/Input/ArgvInput))
#20 {main}
"} 
